<?xml version="1.0" encoding="UTF-8"?>
<testsuite name="dev.ethicaltrading.core.ConfigTest" tests="2" skipped="0" failures="0" errors="0" timestamp="2026-09-11T15:26:41.573Z" hostname="4a86f79aee72" time="0.267">
  <properties/>
  <testcase name="invalidConfigFailsClearlyRatherThanResettingFile()" classname="dev.ethicaltrading.core.ConfigTest" time="0.155"/>
  <testcase name="missingConfigIsCreatedAndPartialOverridesKeepDefaults()" classname="dev.ethicaltrading.core.ConfigTest" time="0.01"/>
  <system-out><![CDATA[]]></system-out>
  <system-err><![CDATA[]]></system-err>
</testsuite>
